<?xml version="1.0" encoding="UTF-8"?>
<coverage generated="1775385724299" clover="3.2.0">
  <project timestamp="1775385724299" name="All files">
    <metrics statements="15" coveredstatements="15" conditionals="15" coveredconditionals="13" methods="4" coveredmethods="4" elements="34" coveredelements="32" complexity="0" loc="15" ncloc="15" packages="1" files="1" classes="1"/>
    <file name="criticalGuards.ts" path="C:\flutter projects\rentdone\functions\src\security\criticalGuards.ts">
      <metrics statements="15" coveredstatements="15" conditionals="15" coveredconditionals="13" methods="4" coveredmethods="4"/>
      <line num="1" count="2" type="stmt"/>
      <line num="2" count="2" type="stmt"/>
      <line num="4" count="2" type="stmt"/>
      <line num="8" count="7" type="cond" truecount="3" falsecount="0"/>
      <line num="10" count="2" type="stmt"/>
      <line num="11" count="9" type="cond" truecount="2" falsecount="0"/>
      <line num="12" count="9" type="cond" truecount="2" falsecount="0"/>
      <line num="13" count="5" type="stmt"/>
      <line num="15" count="4" type="stmt"/>
      <line num="18" count="2" type="stmt"/>
      <line num="22" count="2" type="cond" truecount="1" falsecount="1"/>
      <line num="23" count="2" type="cond" truecount="1" falsecount="1"/>
      <line num="24" count="2" type="cond" truecount="2" falsecount="0"/>
      <line num="27" count="2" type="stmt"/>
      <line num="28" count="2" type="stmt"/>
    </file>
  </project>
</coverage>
