{"C:\\flutter projects\\rentdone\\functions\\src\\security\\criticalGuards.ts": {"path":"C:\\flutter projects\\rentdone\\functions\\src\\security\\criticalGuards.ts","statementMap":{"0":{"start":{"line":1,"column":13},"end":{"line":1,"column":36}},"1":{"start":{"line":2,"column":13},"end":{"line":2,"column":44}},"2":{"start":{"line":4,"column":36},"end":{"line":8,"column":72}},"3":{"start":{"line":8,"column":14},"end":{"line":8,"column":72}},"4":{"start":{"line":4,"column":13},"end":{"line":4,"column":36}},"5":{"start":{"line":10,"column":30},"end":{"line":16,"column":1}},"6":{"start":{"line":11,"column":21},"end":{"line":11,"column":45}},"7":{"start":{"line":12,"column":2},"end":{"line":14,"column":3}},"8":{"start":{"line":13,"column":4},"end":{"line":13,"column":39}},"9":{"start":{"line":15,"column":2},"end":{"line":15,"column":20}},"10":{"start":{"line":10,"column":13},"end":{"line":10,"column":30}},"11":{"start":{"line":18,"column":35},"end":{"line":25,"column":1}},"12":{"start":{"line":22,"column":16},"end":{"line":22,"column":44}},"13":{"start":{"line":23,"column":17},"end":{"line":23,"column":50}},"14":{"start":{"line":24,"column":2},"end":{"line":24,"column":46}},"15":{"start":{"line":18,"column":13},"end":{"line":18,"column":35}},"16":{"start":{"line":27,"column":36},"end":{"line":28,"column":26}},"17":{"start":{"line":28,"column":2},"end":{"line":28,"column":26}},"18":{"start":{"line":27,"column":13},"end":{"line":27,"column":36}}},"fnMap":{"0":{"name":"(anonymous_0)","decl":{"start":{"line":4,"column":36},"end":{"line":4,"column":null}},"loc":{"start":{"line":8,"column":14},"end":{"line":8,"column":72}}},"1":{"name":"(anonymous_1)","decl":{"start":{"line":10,"column":30},"end":{"line":10,"column":31}},"loc":{"start":{"line":10,"column":55},"end":{"line":16,"column":1}}},"2":{"name":"(anonymous_2)","decl":{"start":{"line":18,"column":35},"end":{"line":18,"column":null}},"loc":{"start":{"line":21,"column":13},"end":{"line":25,"column":1}}},"3":{"name":"(anonymous_3)","decl":{"start":{"line":27,"column":36},"end":{"line":27,"column":37}},"loc":{"start":{"line":28,"column":2},"end":{"line":28,"column":26}}}},"branchMap":{"0":{"loc":{"start":{"line":6,"column":2},"end":{"line":6,"column":26}},"type":"default-arg","locations":[{"start":{"line":6,"column":8},"end":{"line":6,"column":26}}]},"1":{"loc":{"start":{"line":7,"column":2},"end":{"line":7,"column":26}},"type":"default-arg","locations":[{"start":{"line":7,"column":8},"end":{"line":7,"column":26}}]},"2":{"loc":{"start":{"line":8,"column":14},"end":{"line":8,"column":72}},"type":"binary-expr","locations":[{"start":{"line":8,"column":14},"end":{"line":8,"column":38}},{"start":{"line":8,"column":42},"end":{"line":8,"column":55}},{"start":{"line":8,"column":59},"end":{"line":8,"column":72}}]},"3":{"loc":{"start":{"line":11,"column":28},"end":{"line":11,"column":37}},"type":"binary-expr","locations":[{"start":{"line":11,"column":28},"end":{"line":11,"column":31}},{"start":{"line":11,"column":35},"end":{"line":11,"column":37}}]},"4":{"loc":{"start":{"line":12,"column":2},"end":{"line":14,"column":3}},"type":"if","locations":[{"start":{"line":12,"column":2},"end":{"line":14,"column":3}},{"start":{},"end":{}}]},"5":{"loc":{"start":{"line":22,"column":23},"end":{"line":22,"column":36}},"type":"binary-expr","locations":[{"start":{"line":22,"column":23},"end":{"line":22,"column":30}},{"start":{"line":22,"column":34},"end":{"line":22,"column":36}}]},"6":{"loc":{"start":{"line":23,"column":24},"end":{"line":23,"column":42}},"type":"binary-expr","locations":[{"start":{"line":23,"column":24},"end":{"line":23,"column":36}},{"start":{"line":23,"column":40},"end":{"line":23,"column":42}}]},"7":{"loc":{"start":{"line":24,"column":9},"end":{"line":24,"column":45}},"type":"binary-expr","locations":[{"start":{"line":24,"column":9},"end":{"line":24,"column":25}},{"start":{"line":24,"column":29},"end":{"line":24,"column":45}}]}},"s":{"0":2,"1":2,"2":2,"3":7,"4":2,"5":2,"6":9,"7":9,"8":5,"9":4,"10":2,"11":2,"12":2,"13":2,"14":2,"15":2,"16":2,"17":2,"18":2},"f":{"0":7,"1":9,"2":2,"3":2},"b":{"0":[4],"1":[4],"2":[7,7,5],"3":[9,4],"4":[5,4],"5":[2,0],"6":[2,0],"7":[2,2]}}
}
