TN:
SF:src\security\criticalGuards.ts
FN:4,(anonymous_0)
FN:10,(anonymous_1)
FN:18,(anonymous_2)
FN:27,(anonymous_3)
FNF:4
FNH:4
FNDA:7,(anonymous_0)
FNDA:9,(anonymous_1)
FNDA:2,(anonymous_2)
FNDA:2,(anonymous_3)
DA:1,2
DA:2,2
DA:4,2
DA:8,7
DA:10,2
DA:11,9
DA:12,9
DA:13,5
DA:15,4
DA:18,2
DA:22,2
DA:23,2
DA:24,2
DA:27,2
DA:28,2
LF:15
LH:15
BRDA:6,0,0,4
BRDA:7,1,0,4
BRDA:8,2,0,7
BRDA:8,2,1,7
BRDA:8,2,2,5
BRDA:11,3,0,9
BRDA:11,3,1,4
BRDA:12,4,0,5
BRDA:12,4,1,4
BRDA:22,5,0,2
BRDA:22,5,1,0
BRDA:23,6,0,2
BRDA:23,6,1,0
BRDA:24,7,0,2
BRDA:24,7,1,2
BRF:15
BRH:13
end_of_record
